<?xml version="1.0" encoding="UTF-8"?>
<!-- Generated by org.testng.reporters.JUnitReportReporter -->
<testsuite hostname="DESKTOP-UTMBFEU" failures="0" tests="1" name="com.TestClass.MobilePriceTestCase" time="12.610" errors="0" timestamp="2024-01-21T18:55:56 IST" skipped="0">
  <testcase classname="com.TestClass.MobilePriceTestCase" name="verifyMobilePrice" time="12.610"/>
</testsuite> <!-- com.TestClass.MobilePriceTestCase -->
