<?xml version="1.0" encoding="UTF-8"?>
<!-- Generated by org.testng.reporters.JUnitReportReporter -->
<testsuite hostname="DESKTOP-UTMBFEU" failures="0" tests="4" name="com.TestClass.MobileListTestCase" time="40.636" errors="0" timestamp="2024-01-21T18:55:56 IST" skipped="0">
  <testcase classname="com.TestClass.MobileListTestCase" name="verifyTitleOfMobilePage" time="8.480"/>
  <testcase classname="com.TestClass.MobileListTestCase" name="verifyTextOfHomePage" time="6.488"/>
  <testcase classname="com.TestClass.MobileListTestCase" name="verifyDrodownSelectbyNameText" time="18.410"/>
  <testcase classname="com.TestClass.MobileListTestCase" name="verifyTitleOfHomePage" time="7.258"/>
</testsuite> <!-- com.TestClass.MobileListTestCase -->
