<?xml version="1.0" encoding="UTF-8"?>
<!-- Generated by org.testng.reporters.JUnitReportReporter -->
<testsuite hostname="DESKTOP-UTMBFEU" failures="0" tests="1" name="com.TestClass.ErrorVerificationTestCase" time="26.864" errors="0" timestamp="2024-01-21T18:55:56 IST" skipped="0">
  <testcase classname="com.TestClass.ErrorVerificationTestCase" name="verifyErrorMssage" time="26.864"/>
</testsuite> <!-- com.TestClass.ErrorVerificationTestCase -->
