<?xml version="1.0" encoding="UTF-8"?>
<!-- Generated by org.testng.reporters.JUnitReportReporter -->
<testsuite hostname="DESKTOP-UTMBFEU" failures="0" tests="1" name="com.TestClass.HandlingWindows" time="18.584" errors="0" timestamp="2024-01-21T18:59:29 IST" skipped="0">
  <testcase classname="com.TestClass.HandlingWindows" name="verifyCompareOfTwoProducts" time="18.584"/>
</testsuite> <!-- com.TestClass.HandlingWindows -->
